2025-12-07 00:04:00  INFO: Operating system name: Linux version: 5.15.0-161-generic architecture: amd64
2025-12-07 00:04:00  INFO: Java runtime name: OpenJDK 64-Bit Server VM vendor: Ubuntu version: 17.0.17+10-Ubuntu-122.04
2025-12-07 00:04:00  INFO: Memory limit heap: 1976mb non-heap: 0mb
2025-12-07 00:04:00  INFO: Character encoding: UTF-8
2025-12-07 00:04:00  INFO: Version: 6.10.0
2025-12-07 00:04:00  INFO: Starting server...
2025-12-07 00:04:00  INFO: HikariPool-1 - Starting...
2025-12-07 00:04:00  INFO: HikariPool-1 - Added connection com.mysql.cj.jdbc.ConnectionImpl@169da7f2
2025-12-07 00:04:00  INFO: HikariPool-1 - Start completed.
2025-12-07 00:04:01  INFO: Successfully acquired change log lock
2025-12-07 00:04:01  INFO: Clearing database change log checksums for database mariadb
2025-12-07 00:04:01  INFO: Successfully released change log lock
2025-12-07 00:04:01  INFO: Command execution complete
2025-12-07 00:04:02  INFO: Reading from traccar.DATABASECHANGELOG
2025-12-07 00:04:02  INFO: Reading from traccar.DATABASECHANGELOG
2025-12-07 00:04:02  INFO: Successfully acquired change log lock
2025-12-07 00:04:02  INFO: Using deploymentId: 5065840779
2025-12-07 00:04:02  INFO: Reading from traccar.DATABASECHANGELOG
2025-12-07 00:04:02  INFO: Marking ChangeSet: "changelog-6.11.0::changelog-6.11.0-timescale::author" as ran despite precondition failure due to onFail='MARK_RAN': 
          schema/changelog-master.xml : DBMS Precondition failed: expected postgresql, got mariadb

2025-12-07 00:04:02  INFO: Marking ChangeSet: "changelog-6.11.0::changelog-6.11.0-other::author" as ran despite precondition failure due to onFail='MARK_RAN': 
          schema/changelog-master.xml : Not precondition failed

2025-12-07 00:04:02  INFO: Table tc_revoked_tokens created
2025-12-07 00:04:02  INFO: ChangeSet changelog-6.11.0::changelog-6.11.0::author ran successfully in 51ms
2025-12-07 00:04:02  INFO: Table tc_savekid_health created
2025-12-07 00:04:02  INFO: Foreign key constraint added to tc_savekid_health (deviceid)
2025-12-07 00:04:02  INFO: Foreign key constraint added to tc_savekid_health (positionid)
2025-12-07 00:04:02  INFO: Index tc_savekid_health_deviceid_idx created
2025-12-07 00:04:02  INFO: Index tc_savekid_health_recordtime_idx created
2025-12-07 00:04:02  INFO: ChangeSet changelog-6.12.0::changelog-6.12.0::savekid ran successfully in 41ms
2025-12-07 00:04:02  INFO: UPDATE SUMMARY
2025-12-07 00:04:02  INFO: Run:                          4
2025-12-07 00:04:02  INFO: Previously run:              28
2025-12-07 00:04:02  INFO: Filtered out:                 0
2025-12-07 00:04:02  INFO: -------------------------------
2025-12-07 00:04:02  INFO: Total change sets:           32
2025-12-07 00:04:02  INFO: Update summary generated
2025-12-07 00:04:02  INFO: Update command completed successfully.
2025-12-07 00:04:02  INFO: Successfully released change log lock
2025-12-07 00:04:02  INFO: Command execution complete
2025-12-07 00:04:03  WARN: Port disabled due to conflict - Address already in use - BindException (...)
2025-12-07 00:04:03  WARN: Port disabled due to conflict - Address already in use - BindException (...)
2025-12-07 00:04:03  WARN: Port disabled due to conflict - Address already in use - BindException (...)
2025-12-07 00:04:03  WARN: Port disabled due to conflict - Address already in use - BindException (...)
2025-12-07 00:04:03  WARN: Port disabled due to conflict - Address already in use - BindException (...)
2025-12-07 00:04:03  WARN: Port disabled due to conflict - Address already in use - BindException (...)
2025-12-07 00:04:03  WARN: Port disabled due to conflict - Address already in use - BindException (...)
2025-12-07 00:04:03  WARN: Port disabled due to conflict - Address already in use - BindException (...)
2025-12-07 00:04:03  WARN: Port disabled due to conflict - Address already in use - BindException (...)
2025-12-07 00:04:03  WARN: Port disabled due to conflict - Address already in use - BindException (...)
2025-12-07 00:04:03  WARN: Port disabled due to conflict - Address already in use - BindException (... < WrapperOutboundHandler:38 < ...)
2025-12-07 00:04:03  WARN: Port disabled due to conflict - Address already in use - BindException (...)
2025-12-07 00:04:03  WARN: Port disabled due to conflict - Address already in use - BindException (...)
2025-12-07 00:04:03  WARN: Port disabled due to conflict - Address already in use - BindException (...)
2025-12-07 00:04:03  WARN: Port disabled due to conflict - Address already in use - BindException (...)
2025-12-07 00:04:03  WARN: Port disabled due to conflict - Address already in use - BindException (...)
2025-12-07 00:04:03  WARN: Port disabled due to conflict - Address already in use - BindException (...)
2025-12-07 00:04:03  WARN: Port disabled due to conflict - Address already in use - BindException (...)
2025-12-07 00:04:03  WARN: Port disabled due to conflict - Address already in use - BindException (...)
2025-12-07 00:04:03  WARN: Port disabled due to conflict - Address already in use - BindException (...)
2025-12-07 00:04:03  WARN: Port disabled due to conflict - Address already in use - BindException (... < WrapperOutboundHandler:38 < ...)
2025-12-07 00:04:03  WARN: Port disabled due to conflict - Address already in use - BindException (...)
2025-12-07 00:04:03  WARN: Port disabled due to conflict - Address already in use - BindException (...)
2025-12-07 00:04:03  WARN: Port disabled due to conflict - Address already in use - BindException (...)
2025-12-07 00:04:03  WARN: Port disabled due to conflict - Address already in use - BindException (...)
2025-12-07 00:04:03  WARN: Port disabled due to conflict - Address already in use - BindException (...)
2025-12-07 00:04:03  WARN: Port disabled due to conflict - Address already in use - BindException (... < WrapperOutboundHandler:38 < ...)
2025-12-07 00:04:03  WARN: Port disabled due to conflict - Address already in use - BindException (...)
2025-12-07 00:04:03  WARN: Port disabled due to conflict - Address already in use - BindException (...)
2025-12-07 00:04:03  WARN: Port disabled due to conflict - Address already in use - BindException (...)
2025-12-07 00:04:03  WARN: Port disabled due to conflict - Address already in use - BindException (...)
2025-12-07 00:04:03  WARN: Port disabled due to conflict - Address already in use - BindException (...)
2025-12-07 00:04:03  WARN: Port disabled due to conflict - Address already in use - BindException (...)
2025-12-07 00:04:03  WARN: Port disabled due to conflict - Address already in use - BindException (...)
2025-12-07 00:04:03  WARN: Port disabled due to conflict - Address already in use - BindException (...)
2025-12-07 00:04:03  WARN: Port disabled due to conflict - Address already in use - BindException (...)
2025-12-07 00:04:03  WARN: Port disabled due to conflict - Address already in use - BindException (...)
2025-12-07 00:04:03  WARN: Port disabled due to conflict - Address already in use - BindException (...)
2025-12-07 00:04:03  WARN: Port disabled due to conflict - Address already in use - BindException (...)
2025-12-07 00:04:03  WARN: Port disabled due to conflict - Address already in use - BindException (...)
2025-12-07 00:04:03  WARN: Port disabled due to conflict - Address already in use - BindException (...)
2025-12-07 00:04:03  WARN: Port disabled due to conflict - Address already in use - BindException (...)
2025-12-07 00:04:03  WARN: Port disabled due to conflict - Address already in use - BindException (...)
2025-12-07 00:04:03  WARN: Port disabled due to conflict - Address already in use - BindException (...)
2025-12-07 00:04:03  WARN: Port disabled due to conflict - Address already in use - BindException (...)
2025-12-07 00:04:03  WARN: Port disabled due to conflict - Address already in use - BindException (...)
2025-12-07 00:04:03  WARN: Port disabled due to conflict - Address already in use - BindException (...)
2025-12-07 00:04:03  WARN: Port disabled due to conflict - Address already in use - BindException (...)
2025-12-07 00:04:03  WARN: Port disabled due to conflict - Address already in use - BindException (...)
2025-12-07 00:04:03  WARN: Port disabled due to conflict - Address already in use - BindException (...)
2025-12-07 00:04:03  WARN: Port disabled due to conflict - Address already in use - BindException (...)
2025-12-07 00:04:03  WARN: Port disabled due to conflict - Address already in use - BindException (...)
2025-12-07 00:04:03  WARN: Port disabled due to conflict - Address already in use - BindException (...)
2025-12-07 00:04:03  WARN: Port disabled due to conflict - Address already in use - BindException (...)
2025-12-07 00:04:03  WARN: Port disabled due to conflict - Address already in use - BindException (...)
2025-12-07 00:04:03  WARN: Port disabled due to conflict - Address already in use - BindException (...)
2025-12-07 00:04:03  WARN: Port disabled due to conflict - Address already in use - BindException (...)
2025-12-07 00:04:03  WARN: Port disabled due to conflict - Address already in use - BindException (...)
2025-12-07 00:04:03  WARN: Port disabled due to conflict - Address already in use - BindException (...)
2025-12-07 00:04:03  WARN: Port disabled due to conflict - Address already in use - BindException (...)
2025-12-07 00:04:03  WARN: Port disabled due to conflict - Address already in use - BindException (...)
2025-12-07 00:04:03  WARN: Port disabled due to conflict - Address already in use - BindException (...)
2025-12-07 00:04:03  WARN: Port disabled due to conflict - Address already in use - BindException (...)
2025-12-07 00:04:03  WARN: Port disabled due to conflict - Address already in use - BindException (...)
2025-12-07 00:04:03  WARN: Port disabled due to conflict - Address already in use - BindException (...)
2025-12-07 00:04:03  WARN: Port disabled due to conflict - Address already in use - BindException (...)
2025-12-07 00:04:03  WARN: Port disabled due to conflict - Address already in use - BindException (...)
2025-12-07 00:04:03  WARN: Port disabled due to conflict - Address already in use - BindException (... < WrapperOutboundHandler:38 < ...)
2025-12-07 00:04:03  WARN: Port disabled due to conflict - Address already in use - BindException (...)
2025-12-07 00:04:03  WARN: Port disabled due to conflict - Address already in use - BindException (...)
2025-12-07 00:04:03  WARN: Port disabled due to conflict - Address already in use - BindException (...)
2025-12-07 00:04:03  WARN: Port disabled due to conflict - Address already in use - BindException (...)
2025-12-07 00:04:03  WARN: Port disabled due to conflict - Address already in use - BindException (...)
2025-12-07 00:04:03  WARN: Port disabled due to conflict - Address already in use - BindException (...)
2025-12-07 00:04:03  WARN: Port disabled due to conflict - Address already in use - BindException (...)
2025-12-07 00:04:03  WARN: Port disabled due to conflict - Address already in use - BindException (...)
2025-12-07 00:04:03  WARN: Port disabled due to conflict - Address already in use - BindException (...)
2025-12-07 00:04:03  WARN: Port disabled due to conflict - Address already in use - BindException (...)
2025-12-07 00:04:03  WARN: Port disabled due to conflict - Address already in use - BindException (... < WrapperOutboundHandler:38 < ...)
2025-12-07 00:04:03  WARN: Port disabled due to conflict - Address already in use - BindException (...)
2025-12-07 00:04:03  WARN: Port disabled due to conflict - Address already in use - BindException (...)
2025-12-07 00:04:03  WARN: Port disabled due to conflict - Address already in use - BindException (...)
2025-12-07 00:04:03  WARN: Port disabled due to conflict - Address already in use - BindException (...)
2025-12-07 00:04:03  WARN: Port disabled due to conflict - Address already in use - BindException (...)
2025-12-07 00:04:03  WARN: Port disabled due to conflict - Address already in use - BindException (...)
2025-12-07 00:04:03  WARN: Port disabled due to conflict - Address already in use - BindException (...)
2025-12-07 00:04:03  WARN: Port disabled due to conflict - Address already in use - BindException (... < WrapperOutboundHandler:38 < ...)
2025-12-07 00:04:03  WARN: Port disabled due to conflict - Address already in use - BindException (...)
2025-12-07 00:04:03  WARN: Port disabled due to conflict - Address already in use - BindException (... < WrapperOutboundHandler:38 < ...)
2025-12-07 00:04:03  WARN: Port disabled due to conflict - Address already in use - BindException (...)
2025-12-07 00:04:03  WARN: Port disabled due to conflict - Address already in use - BindException (...)
2025-12-07 00:04:03  WARN: Port disabled due to conflict - Address already in use - BindException (...)
2025-12-07 00:04:03  WARN: Port disabled due to conflict - Address already in use - BindException (...)
2025-12-07 00:04:03  WARN: Port disabled due to conflict - Address already in use - BindException (...)
2025-12-07 00:04:03  WARN: Port disabled due to conflict - Address already in use - BindException (...)
2025-12-07 00:04:03  WARN: Port disabled due to conflict - Address already in use - BindException (...)
2025-12-07 00:04:03  WARN: Port disabled due to conflict - Address already in use - BindException (...)
2025-12-07 00:04:03  WARN: Port disabled due to conflict - Address already in use - BindException (...)
2025-12-07 00:04:03  WARN: Port disabled due to conflict - Address already in use - BindException (... < WrapperOutboundHandler:38 < ...)
2025-12-07 00:04:03  WARN: Port disabled due to conflict - Address already in use - BindException (...)
2025-12-07 00:04:03  WARN: Port disabled due to conflict - Address already in use - BindException (...)
2025-12-07 00:04:03  WARN: Port disabled due to conflict - Address already in use - BindException (... < WrapperOutboundHandler:38 < ...)
2025-12-07 00:04:03  WARN: Port disabled due to conflict - Address already in use - BindException (...)
2025-12-07 00:04:03  WARN: Port disabled due to conflict - Address already in use - BindException (...)
2025-12-07 00:04:03  WARN: Port disabled due to conflict - Address already in use - BindException (...)
2025-12-07 00:04:03  WARN: Port disabled due to conflict - Address already in use - BindException (...)
2025-12-07 00:04:03  WARN: Port disabled due to conflict - Address already in use - BindException (...)
2025-12-07 00:04:03  WARN: Port disabled due to conflict - Address already in use - BindException (...)
2025-12-07 00:04:03  WARN: Port disabled due to conflict - Address already in use - BindException (... < WrapperOutboundHandler:38 < ...)
2025-12-07 00:04:03  WARN: Port disabled due to conflict - Address already in use - BindException (...)
2025-12-07 00:04:03  WARN: Port disabled due to conflict - Address already in use - BindException (... < WrapperOutboundHandler:38 < ...)
2025-12-07 00:04:03  WARN: Port disabled due to conflict - Address already in use - BindException (...)
2025-12-07 00:04:03  WARN: Port disabled due to conflict - Address already in use - BindException (...)
2025-12-07 00:04:03  WARN: Port disabled due to conflict - Address already in use - BindException (...)
2025-12-07 00:04:03  WARN: Port disabled due to conflict - Address already in use - BindException (...)
2025-12-07 00:04:03  WARN: Port disabled due to conflict - Address already in use - BindException (...)
2025-12-07 00:04:03  WARN: Port disabled due to conflict - Address already in use - BindException (...)
2025-12-07 00:04:03  WARN: Port disabled due to conflict - Address already in use - BindException (...)
2025-12-07 00:04:03  WARN: Port disabled due to conflict - Address already in use - BindException (...)
2025-12-07 00:04:03  WARN: Port disabled due to conflict - Address already in use - BindException (...)
2025-12-07 00:04:03  WARN: Port disabled due to conflict - Address already in use - BindException (...)
2025-12-07 00:04:03  WARN: Port disabled due to conflict - Address already in use - BindException (...)
2025-12-07 00:04:03  WARN: Port disabled due to conflict - Address already in use - BindException (...)
2025-12-07 00:04:03  WARN: Port disabled due to conflict - Address already in use - BindException (...)
2025-12-07 00:04:03  WARN: Port disabled due to conflict - Address already in use - BindException (...)
2025-12-07 00:04:03  WARN: Port disabled due to conflict - Address already in use - BindException (...)
2025-12-07 00:04:03  WARN: Port disabled due to conflict - Address already in use - BindException (...)
2025-12-07 00:04:03  WARN: Port disabled due to conflict - Address already in use - BindException (...)
2025-12-07 00:04:03  WARN: Port disabled due to conflict - Address already in use - BindException (...)
2025-12-07 00:04:03  WARN: Port disabled due to conflict - Address already in use - BindException (...)
2025-12-07 00:04:03  WARN: Port disabled due to conflict - Address already in use - BindException (...)
2025-12-07 00:04:03  WARN: Port disabled due to conflict - Address already in use - BindException (...)
2025-12-07 00:04:03  WARN: Port disabled due to conflict - Address already in use - BindException (...)
2025-12-07 00:04:03  WARN: Port disabled due to conflict - Address already in use - BindException (...)
2025-12-07 00:04:03  WARN: Port disabled due to conflict - Address already in use - BindException (...)
2025-12-07 00:04:03  WARN: Port disabled due to conflict - Address already in use - BindException (...)
2025-12-07 00:04:03  WARN: Port disabled due to conflict - Address already in use - BindException (...)
2025-12-07 00:04:03  WARN: Port disabled due to conflict - Address already in use - BindException (...)
2025-12-07 00:04:03  WARN: Port disabled due to conflict - Address already in use - BindException (...)
2025-12-07 00:04:03  WARN: Port disabled due to conflict - Address already in use - BindException (... < WrapperOutboundHandler:38 < ...)
2025-12-07 00:04:03  WARN: Port disabled due to conflict - Address already in use - BindException (...)
2025-12-07 00:04:03  WARN: Port disabled due to conflict - Address already in use - BindException (... < WrapperOutboundHandler:38 < ...)
2025-12-07 00:04:03  WARN: Port disabled due to conflict - Address already in use - BindException (...)
2025-12-07 00:04:03  WARN: Port disabled due to conflict - Address already in use - BindException (...)
2025-12-07 00:04:03  WARN: Port disabled due to conflict - Address already in use - BindException (...)
2025-12-07 00:04:03  WARN: Port disabled due to conflict - Address already in use - BindException (...)
2025-12-07 00:04:03  WARN: Port disabled due to conflict - Address already in use - BindException (...)
2025-12-07 00:04:03  WARN: Port disabled due to conflict - Address already in use - BindException (...)
2025-12-07 00:04:03  WARN: Port disabled due to conflict - Address already in use - BindException (...)
2025-12-07 00:04:03  WARN: Port disabled due to conflict - Address already in use - BindException (...)
2025-12-07 00:04:03  WARN: Port disabled due to conflict - Address already in use - BindException (...)
2025-12-07 00:04:03  WARN: Port disabled due to conflict - Address already in use - BindException (...)
2025-12-07 00:04:03  WARN: Port disabled due to conflict - Address already in use - BindException (...)
2025-12-07 00:04:03  WARN: Port disabled due to conflict - Address already in use - BindException (...)
2025-12-07 00:04:03  WARN: Port disabled due to conflict - Address already in use - BindException (...)
2025-12-07 00:04:03  WARN: Port disabled due to conflict - Address already in use - BindException (...)
2025-12-07 00:04:03  WARN: Port disabled due to conflict - Address already in use - BindException (... < WrapperOutboundHandler:38 < ...)
2025-12-07 00:04:03  WARN: Port disabled due to conflict - Address already in use - BindException (...)
2025-12-07 00:04:03  WARN: Port disabled due to conflict - Address already in use - BindException (...)
2025-12-07 00:04:03  WARN: Port disabled due to conflict - Address already in use - BindException (...)
2025-12-07 00:04:03  WARN: Port disabled due to conflict - Address already in use - BindException (...)
2025-12-07 00:04:03  WARN: Port disabled due to conflict - Address already in use - BindException (...)
2025-12-07 00:04:03  WARN: Port disabled due to conflict - Address already in use - BindException (...)
2025-12-07 00:04:03  WARN: Port disabled due to conflict - Address already in use - BindException (...)
2025-12-07 00:04:03  WARN: Port disabled due to conflict - Address already in use - BindException (...)
2025-12-07 00:04:03  WARN: Port disabled due to conflict - Address already in use - BindException (...)
2025-12-07 00:04:03  WARN: Port disabled due to conflict - Address already in use - BindException (...)
2025-12-07 00:04:03  WARN: Port disabled due to conflict - Address already in use - BindException (...)
2025-12-07 00:04:03  WARN: Port disabled due to conflict - Address already in use - BindException (...)
2025-12-07 00:04:03  WARN: Port disabled due to conflict - Address already in use - BindException (...)
2025-12-07 00:04:03  WARN: Port disabled due to conflict - Address already in use - BindException (...)
2025-12-07 00:04:03  WARN: Port disabled due to conflict - Address already in use - BindException (...)
2025-12-07 00:04:03  WARN: Port disabled due to conflict - Address already in use - BindException (...)
2025-12-07 00:04:03  WARN: Port disabled due to conflict - Address already in use - BindException (...)
2025-12-07 00:04:03  WARN: Port disabled due to conflict - Address already in use - BindException (...)
2025-12-07 00:04:03  WARN: Port disabled due to conflict - Address already in use - BindException (...)
2025-12-07 00:04:03  WARN: Port disabled due to conflict - Address already in use - BindException (...)
2025-12-07 00:04:03  WARN: Port disabled due to conflict - Address already in use - BindException (...)
2025-12-07 00:04:03  WARN: Port disabled due to conflict - Address already in use - BindException (...)
2025-12-07 00:04:03  WARN: Port disabled due to conflict - Address already in use - BindException (...)
2025-12-07 00:04:03  WARN: Port disabled due to conflict - Address already in use - BindException (...)
2025-12-07 00:04:03  WARN: Port disabled due to conflict - Address already in use - BindException (...)
2025-12-07 00:04:03  WARN: Port disabled due to conflict - Address already in use - BindException (...)
2025-12-07 00:04:03  WARN: Port disabled due to conflict - Address already in use - BindException (...)
2025-12-07 00:04:03  WARN: Port disabled due to conflict - Address already in use - BindException (...)
2025-12-07 00:04:03  WARN: Port disabled due to conflict - Address already in use - BindException (...)
2025-12-07 00:04:03  WARN: Port disabled due to conflict - Address already in use - BindException (...)
2025-12-07 00:04:03  WARN: Port disabled due to conflict - Address already in use - BindException (...)
2025-12-07 00:04:03  WARN: Port disabled due to conflict - Address already in use - BindException (...)
2025-12-07 00:04:03  WARN: Port disabled due to conflict - Address already in use - BindException (...)
2025-12-07 00:04:03  WARN: Port disabled due to conflict - Address already in use - BindException (...)
2025-12-07 00:04:03  WARN: Port disabled due to conflict - Address already in use - BindException (...)
2025-12-07 00:04:03  WARN: Port disabled due to conflict - Address already in use - BindException (...)
2025-12-07 00:04:03  WARN: Port disabled due to conflict - Address already in use - BindException (...)
2025-12-07 00:04:03  WARN: Port disabled due to conflict - Address already in use - BindException (...)
2025-12-07 00:04:03  WARN: Port disabled due to conflict - Address already in use - BindException (...)
2025-12-07 00:04:03  WARN: Port disabled due to conflict - Address already in use - BindException (...)
2025-12-07 00:04:03  WARN: Port disabled due to conflict - Address already in use - BindException (...)
2025-12-07 00:04:03  WARN: Port disabled due to conflict - Address already in use - BindException (...)
2025-12-07 00:04:03  WARN: Port disabled due to conflict - Address already in use - BindException (...)
2025-12-07 00:04:03  WARN: Port disabled due to conflict - Address already in use - BindException (... < WrapperOutboundHandler:38 < ...)
2025-12-07 00:04:03  WARN: Port disabled due to conflict - Address already in use - BindException (...)
2025-12-07 00:04:03  WARN: Port disabled due to conflict - Address already in use - BindException (...)
2025-12-07 00:04:03  WARN: Port disabled due to conflict - Address already in use - BindException (...)
2025-12-07 00:04:03  WARN: Port disabled due to conflict - Address already in use - BindException (...)
2025-12-07 00:04:03  WARN: Port disabled due to conflict - Address already in use - BindException (... < WrapperOutboundHandler:38 < ...)
2025-12-07 00:04:03  WARN: Port disabled due to conflict - Address already in use - BindException (...)
2025-12-07 00:04:03  WARN: Port disabled due to conflict - Address already in use - BindException (...)
2025-12-07 00:04:03  WARN: Port disabled due to conflict - Address already in use - BindException (...)
2025-12-07 00:04:03  WARN: Port disabled due to conflict - Address already in use - BindException (...)
2025-12-07 00:04:03  WARN: Port disabled due to conflict - Address already in use - BindException (...)
2025-12-07 00:04:03  WARN: Port disabled due to conflict - Address already in use - BindException (...)
2025-12-07 00:04:03  WARN: Port disabled due to conflict - Address already in use - BindException (...)
2025-12-07 00:04:03  WARN: Port disabled due to conflict - Address already in use - BindException (...)
2025-12-07 00:04:03  WARN: Port disabled due to conflict - Address already in use - BindException (...)
2025-12-07 00:04:03  WARN: Port disabled due to conflict - Address already in use - BindException (...)
2025-12-07 00:04:03  WARN: Port disabled due to conflict - Address already in use - BindException (...)
2025-12-07 00:04:03  WARN: Port disabled due to conflict - Address already in use - BindException (... < WrapperOutboundHandler:38 < ...)
2025-12-07 00:04:03  WARN: Port disabled due to conflict - Address already in use - BindException (...)
2025-12-07 00:04:03  WARN: Port disabled due to conflict - Address already in use - BindException (...)
2025-12-07 00:04:03  WARN: Port disabled due to conflict - Address already in use - BindException (...)
2025-12-07 00:04:03  WARN: Port disabled due to conflict - Address already in use - BindException (...)
2025-12-07 00:04:03  WARN: Port disabled due to conflict - Address already in use - BindException (...)
2025-12-07 00:04:03  WARN: Port disabled due to conflict - Address already in use - BindException (...)
2025-12-07 00:04:03  WARN: Port disabled due to conflict - Address already in use - BindException (...)
2025-12-07 00:04:03  WARN: Port disabled due to conflict - Address already in use - BindException (...)
2025-12-07 00:04:03  WARN: Port disabled due to conflict - Address already in use - BindException (... < WrapperOutboundHandler:38 < ...)
2025-12-07 00:04:03  WARN: Port disabled due to conflict - Address already in use - BindException (...)
2025-12-07 00:04:03  WARN: Port disabled due to conflict - Address already in use - BindException (...)
2025-12-07 00:04:03  WARN: Port disabled due to conflict - Address already in use - BindException (...)
2025-12-07 00:04:03  WARN: Port disabled due to conflict - Address already in use - BindException (...)
2025-12-07 00:04:03  WARN: Port disabled due to conflict - Address already in use - BindException (...)
2025-12-07 00:04:03  WARN: Port disabled due to conflict - Address already in use - BindException (... < WrapperOutboundHandler:38 < ...)
2025-12-07 00:04:03  WARN: Port disabled due to conflict - Address already in use - BindException (... < WrapperOutboundHandler:38 < ...)
2025-12-07 00:04:03  WARN: Port disabled due to conflict - Address already in use - BindException (...)
2025-12-07 00:04:03  WARN: Port disabled due to conflict - Address already in use - BindException (...)
2025-12-07 00:04:03  WARN: Port disabled due to conflict - Address already in use - BindException (...)
2025-12-07 00:04:03  WARN: Port disabled due to conflict - Address already in use - BindException (...)
2025-12-07 00:04:03  WARN: Port disabled due to conflict - Address already in use - BindException (...)
2025-12-07 00:04:03  WARN: Port disabled due to conflict - Address already in use - BindException (...)
2025-12-07 00:04:03  WARN: Port disabled due to conflict - Address already in use - BindException (...)
2025-12-07 00:04:03  WARN: Port disabled due to conflict - Address already in use - BindException (...)
2025-12-07 00:04:03  WARN: Port disabled due to conflict - Address already in use - BindException (...)
2025-12-07 00:04:03  WARN: Port disabled due to conflict - Address already in use - BindException (...)
2025-12-07 00:04:03  WARN: Port disabled due to conflict - Address already in use - BindException (...)
2025-12-07 00:04:03  WARN: Port disabled due to conflict - Address already in use - BindException (...)
2025-12-07 00:04:03  WARN: Port disabled due to conflict - Address already in use - BindException (... < WrapperOutboundHandler:38 < ...)
2025-12-07 00:04:03  WARN: Port disabled due to conflict - Address already in use - BindException (...)
2025-12-07 00:04:03  WARN: Port disabled due to conflict - Address already in use - BindException (... < WrapperOutboundHandler:38 < ...)
2025-12-07 00:04:03  WARN: Port disabled due to conflict - Address already in use - BindException (...)
2025-12-07 00:04:03  WARN: Port disabled due to conflict - Address already in use - BindException (...)
2025-12-07 00:04:03  WARN: Port disabled due to conflict - Address already in use - BindException (...)
2025-12-07 00:04:03  WARN: Port disabled due to conflict - Address already in use - BindException (...)
2025-12-07 00:04:03  WARN: Port disabled due to conflict - Address already in use - BindException (...)
2025-12-07 00:04:03  WARN: Port disabled due to conflict - Address already in use - BindException (...)
2025-12-07 00:04:03  WARN: Port disabled due to conflict - Address already in use - BindException (... < WrapperOutboundHandler:38 < ...)
2025-12-07 00:04:03  WARN: Port disabled due to conflict - Address already in use - BindException (...)
2025-12-07 00:04:03  WARN: Port disabled due to conflict - Address already in use - BindException (... < WrapperOutboundHandler:38 < ...)
2025-12-07 00:04:03  WARN: Port disabled due to conflict - Address already in use - BindException (...)
2025-12-07 00:04:03  WARN: Port disabled due to conflict - Address already in use - BindException (...)
2025-12-07 00:04:03  WARN: Port disabled due to conflict - Address already in use - BindException (...)
2025-12-07 00:04:03  WARN: Port disabled due to conflict - Address already in use - BindException (...)
2025-12-07 00:04:03  WARN: Port disabled due to conflict - Address already in use - BindException (...)
2025-12-07 00:04:03  WARN: Port disabled due to conflict - Address already in use - BindException (...)
2025-12-07 00:04:03  WARN: Port disabled due to conflict - Address already in use - BindException (...)
2025-12-07 00:04:03  WARN: Port disabled due to conflict - Address already in use - BindException (...)
2025-12-07 00:04:03  WARN: Port disabled due to conflict - Address already in use - BindException (...)
2025-12-07 00:04:03  WARN: Port disabled due to conflict - Address already in use - BindException (...)
2025-12-07 00:04:03  WARN: Port disabled due to conflict - Address already in use - BindException (...)
2025-12-07 00:04:03  WARN: Port disabled due to conflict - Address already in use - BindException (...)
2025-12-07 00:04:03  WARN: Port disabled due to conflict - Address already in use - BindException (... < WrapperOutboundHandler:38 < ...)
2025-12-07 00:04:03  WARN: Port disabled due to conflict - Address already in use - BindException (...)
2025-12-07 00:04:03  WARN: Port disabled due to conflict - Address already in use - BindException (...)
2025-12-07 00:04:03  WARN: Port disabled due to conflict - Address already in use - BindException (...)
2025-12-07 00:04:03  WARN: Port disabled due to conflict - Address already in use - BindException (...)
2025-12-07 00:04:03  WARN: Port disabled due to conflict - Address already in use - BindException (...)
2025-12-07 00:04:03  WARN: Port disabled due to conflict - Address already in use - BindException (...)
2025-12-07 00:04:03  WARN: Port disabled due to conflict - Address already in use - BindException (...)
2025-12-07 00:04:03  WARN: Port disabled due to conflict - Address already in use - BindException (...)
2025-12-07 00:04:03  WARN: Port disabled due to conflict - Address already in use - BindException (...)
2025-12-07 00:04:03  WARN: Port disabled due to conflict - Address already in use - BindException (... < WrapperOutboundHandler:38 < ...)
2025-12-07 00:04:03  WARN: Port disabled due to conflict - Address already in use - BindException (...)
2025-12-07 00:04:03  WARN: Port disabled due to conflict - Address already in use - BindException (...)
2025-12-07 00:04:03  WARN: Port disabled due to conflict - Address already in use - BindException (... < WrapperOutboundHandler:38 < ...)
2025-12-07 00:04:03  WARN: Port disabled due to conflict - Address already in use - BindException (...)
2025-12-07 00:04:03  WARN: Port disabled due to conflict - Address already in use - BindException (...)
2025-12-07 00:04:03  WARN: Port disabled due to conflict - Address already in use - BindException (...)
2025-12-07 00:04:03  WARN: Port disabled due to conflict - Address already in use - BindException (...)
2025-12-07 00:04:03  WARN: Port disabled due to conflict - Address already in use - BindException (... < WrapperOutboundHandler:38 < ...)
2025-12-07 00:04:03  WARN: Port disabled due to conflict - Address already in use - BindException (...)
2025-12-07 00:04:03  WARN: Port disabled due to conflict - Address already in use - BindException (...)
2025-12-07 00:04:03  WARN: Port disabled due to conflict - Address already in use - BindException (...)
2025-12-07 00:04:03  WARN: Port disabled due to conflict - Address already in use - BindException (...)
2025-12-07 00:04:04 ERROR: Main method error - /root/traccarsavekid/web - NoSuchFileException (... < WebServer:134 < *:98 < MainModule:203 < <gener:-1 < *:-1 < ... < Main:125 < ...)
